[29054] signal (11.1): Segmentation fault
in expression starting at /home/simone/Dropbox/eScience_projects/DEEPDIEP-repos/CoupledNODE.jl/simulations/NavierStokes_2D/scripts/NS_closure.jl:493
typekeyvalue_hash at /cache/build/builder-amdci4-0/julialang/julia-release-1-dot-10/src/jltypes.c:1631 [inlined]
lookup_typevalue at /cache/build/builder-amdci4-0/julialang/julia-release-1-dot-10/src/jltypes.c:1059
jl_inst_arg_tuple_type at /cache/build/builder-amdci4-0/julialang/julia-release-1-dot-10/src/jltypes.c:2224
arg_type_tuple at /cache/build/builder-amdci4-0/julialang/julia-release-1-dot-10/src/gf.c:2232 [inlined]
jl_lookup_generic_ at /cache/build/builder-amdci4-0/julialang/julia-release-1-dot-10/src/gf.c:3021 [inlined]
ijl_apply_generic at /cache/build/builder-amdci4-0/julialang/julia-release-1-dot-10/src/gf.c:3073
ODEFunction at /home/simone/.julia/packages/SciMLBase/hq1ku/src/scimlfunctions.jl:2299
#253 at /home/simone/.julia/packages/SciMLSensitivity/PstNN/src/gauss_adjoint.jl:420 [inlined]
#253 at /home/simone/.julia/packages/SciMLSensitivity/PstNN/src/gauss_adjoint.jl:0
macro expansion at /home/simone/.julia/packages/Enzyme/r8mFE/src/compiler.jl:6819 [inlined]
enzyme_call at /home/simone/.julia/packages/Enzyme/r8mFE/src/compiler.jl:6419 [inlined]
PrimalErrorThunk at /home/simone/.julia/packages/Enzyme/r8mFE/src/compiler.jl:6293 [inlined]
autodiff at /home/simone/.julia/packages/Enzyme/r8mFE/src/Enzyme.jl:314 [inlined]
vec_pjac! at /home/simone/.julia/packages/SciMLSensitivity/PstNN/src/gauss_adjoint.jl:501
GaussIntegrand at /home/simone/.julia/packages/SciMLSensitivity/PstNN/src/gauss_adjoint.jl:519 [inlined]
#262 at /home/simone/.julia/packages/SciMLSensitivity/PstNN/src/gauss_adjoint.jl:560
unknown function (ip: 0x79483a130a5b)
_jl_invoke at /cache/build/builder-amdci4-0/julialang/julia-release-1-dot-10/src/gf.c:2895 [inlined]
ijl_apply_generic at /cache/build/builder-amdci4-0/julialang/julia-release-1-dot-10/src/gf.c:3077
SavingIntegrandSumAffect at /home/simone/.julia/packages/DiffEqCallbacks/9fKPq/src/integrating_sum.jl:50
apply_discrete_callback! at /home/simone/.julia/packages/DiffEqBase/c8MAQ/src/callbacks.jl:613 [inlined]
apply_discrete_callback! at /home/simone/.julia/packages/DiffEqBase/c8MAQ/src/callbacks.jl:628 [inlined]
handle_callbacks! at /home/simone/.julia/packages/OrdinaryDiffEq/s27pa/src/integrators/integrator_utils.jl:349
_loopfooter! at /home/simone/.julia/packages/OrdinaryDiffEq/s27pa/src/integrators/integrator_utils.jl:254
loopfooter! at /home/simone/.julia/packages/OrdinaryDiffEq/s27pa/src/integrators/integrator_utils.jl:207 [inlined]
solve! at /home/simone/.julia/packages/OrdinaryDiffEq/s27pa/src/solve.jl:558
#__solve#433 at /home/simone/.julia/packages/OrdinaryDiffEq/s27pa/src/solve.jl:7 [inlined]
__solve at /home/simone/.julia/packages/OrdinaryDiffEq/s27pa/src/solve.jl:1 [inlined]
#solve_call#44 at /home/simone/.julia/packages/DiffEqBase/c8MAQ/src/solve.jl:612
solve_call at /home/simone/.julia/packages/DiffEqBase/c8MAQ/src/solve.jl:569 [inlined]
#solve_up#53 at /home/simone/.julia/packages/DiffEqBase/c8MAQ/src/solve.jl:1080 [inlined]
solve_up at /home/simone/.julia/packages/DiffEqBase/c8MAQ/src/solve.jl:1066 [inlined]
#solve#51 at /home/simone/.julia/packages/DiffEqBase/c8MAQ/src/solve.jl:1003 [inlined]
solve at /home/simone/.julia/packages/DiffEqBase/c8MAQ/src/solve.jl:993
unknown function (ip: 0x79483a9e93cc)
_jl_invoke at /cache/build/builder-amdci4-0/julialang/julia-release-1-dot-10/src/gf.c:2895 [inlined]
ijl_apply_generic at /cache/build/builder-amdci4-0/julialang/julia-release-1-dot-10/src/gf.c:3077
#_adjoint_sensitivities#261 at /home/simone/.julia/packages/SciMLSensitivity/PstNN/src/gauss_adjoint.jl:580
_adjoint_sensitivities at /home/simone/.julia/packages/SciMLSensitivity/PstNN/src/gauss_adjoint.jl:533 [inlined]
#adjoint_sensitivities#63 at /home/simone/.julia/packages/SciMLSensitivity/PstNN/src/sensitivity_interface.jl:401 [inlined]
adjoint_sensitivities at /home/simone/.julia/packages/SciMLSensitivity/PstNN/src/sensitivity_interface.jl:358
unknown function (ip: 0x79483a9980f9)
_jl_invoke at /cache/build/builder-amdci4-0/julialang/julia-release-1-dot-10/src/gf.c:2895 [inlined]
ijl_apply_generic at /cache/build/builder-amdci4-0/julialang/julia-release-1-dot-10/src/gf.c:3077
adjoint_sensitivity_backpass at /home/simone/.julia/packages/SciMLSensitivity/PstNN/src/concrete_solve.jl:619
#reverse#4 at /home/simone/.julia/packages/DiffEqBase/c8MAQ/ext/DiffEqBaseEnzymeExt.jl:42
unknown function (ip: 0x79483a990a69)
_jl_invoke at /cache/build/builder-amdci4-0/julialang/julia-release-1-dot-10/src/gf.c:2895 [inlined]
ijl_apply_generic at /cache/build/builder-amdci4-0/julialang/julia-release-1-dot-10/src/gf.c:3077
reverse at /home/simone/.julia/packages/DiffEqBase/c8MAQ/ext/DiffEqBaseEnzymeExt.jl:36 [inlined]
#solve#51 at /home/simone/.julia/packages/DiffEqBase/c8MAQ/src/solve.jl:1003
solve at /home/simone/.julia/packages/DiffEqBase/c8MAQ/src/solve.jl:993 [inlined]
loss at /home/simone/Dropbox/eScience_projects/DEEPDIEP-repos/CoupledNODE.jl/simulations/NavierStokes_2D/scripts/NS_closure.jl:468 [inlined]
loss at /home/simone/Dropbox/eScience_projects/DEEPDIEP-repos/CoupledNODE.jl/simulations/NavierStokes_2D/scripts/NS_closure.jl:0 [inlined]
diffejulia_loss_7717_inner_1wrap at /home/simone/Dropbox/eScience_projects/DEEPDIEP-repos/CoupledNODE.jl/simulations/NavierStokes_2D/scripts/NS_closure.jl:0
macro expansion at /home/simone/.julia/packages/Enzyme/r8mFE/src/compiler.jl:6819 [inlined]
enzyme_call at /home/simone/.julia/packages/Enzyme/r8mFE/src/compiler.jl:6419 [inlined]
CombinedAdjointThunk at /home/simone/.julia/packages/Enzyme/r8mFE/src/compiler.jl:6296 [inlined]
autodiff at /home/simone/.julia/packages/Enzyme/r8mFE/src/Enzyme.jl:314 [inlined]
autodiff at /home/simone/.julia/packages/Enzyme/r8mFE/src/Enzyme.jl:338 [inlined]
autodiff at /home/simone/.julia/packages/Enzyme/r8mFE/src/Enzyme.jl:323
unknown function (ip: 0x79483b578f9a)
_jl_invoke at /cache/build/builder-amdci4-0/julialang/julia-release-1-dot-10/src/gf.c:2895 [inlined]
ijl_apply_generic at /cache/build/builder-amdci4-0/julialang/julia-release-1-dot-10/src/gf.c:3077
jl_apply at /cache/build/builder-amdci4-0/julialang/julia-release-1-dot-10/src/julia.h:1982 [inlined]
do_call at /cache/build/builder-amdci4-0/julialang/julia-release-1-dot-10/src/interpreter.c:126
eval_value at /cache/build/builder-amdci4-0/julialang/julia-release-1-dot-10/src/interpreter.c:223
eval_stmt_value at /cache/build/builder-amdci4-0/julialang/julia-release-1-dot-10/src/interpreter.c:174 [inlined]
eval_body at /cache/build/builder-amdci4-0/julialang/julia-release-1-dot-10/src/interpreter.c:617
jl_interpret_toplevel_thunk at /cache/build/builder-amdci4-0/julialang/julia-release-1-dot-10/src/interpreter.c:775
jl_toplevel_eval_flex at /cache/build/builder-amdci4-0/julialang/julia-release-1-dot-10/src/toplevel.c:934
jl_toplevel_eval_flex at /cache/build/builder-amdci4-0/julialang/julia-release-1-dot-10/src/toplevel.c:877
ijl_toplevel_eval_in at /cache/build/builder-amdci4-0/julialang/julia-release-1-dot-10/src/toplevel.c:985
eval at ./boot.jl:385 [inlined]
include_string at ./loading.jl:2076
_jl_invoke at /cache/build/builder-amdci4-0/julialang/julia-release-1-dot-10/src/gf.c:2895 [inlined]
ijl_apply_generic at /cache/build/builder-amdci4-0/julialang/julia-release-1-dot-10/src/gf.c:3077
_include at ./loading.jl:2136
include at ./Base.jl:495
jfptr_include_46393.1 at /home/simone/.julia/juliaup/julia-1.10.4+0.x64.linux.gnu/lib/julia/sys.so (unknown line)
_jl_invoke at /cache/build/builder-amdci4-0/julialang/julia-release-1-dot-10/src/gf.c:2895 [inlined]
ijl_apply_generic at /cache/build/builder-amdci4-0/julialang/julia-release-1-dot-10/src/gf.c:3077
exec_options at ./client.jl:318
_start at ./client.jl:552
jfptr__start_82729.1 at /home/simone/.julia/juliaup/julia-1.10.4+0.x64.linux.gnu/lib/julia/sys.so (unknown line)
_jl_invoke at /cache/build/builder-amdci4-0/julialang/julia-release-1-dot-10/src/gf.c:2895 [inlined]
ijl_apply_generic at /cache/build/builder-amdci4-0/julialang/julia-release-1-dot-10/src/gf.c:3077
jl_apply at /cache/build/builder-amdci4-0/julialang/julia-release-1-dot-10/src/julia.h:1982 [inlined]
true_main at /cache/build/builder-amdci4-0/julialang/julia-release-1-dot-10/src/jlapi.c:582
jl_repl_entrypoint at /cache/build/builder-amdci4-0/julialang/julia-release-1-dot-10/src/jlapi.c:731
main at /cache/build/builder-amdci4-0/julialang/julia-release-1-dot-10/cli/loader_exe.c:58
unknown function (ip: 0x794951429d8f)
__libc_start_main at /lib/x86_64-linux-gnu/libc.so.6 (unknown line)
unknown function (ip: 0x4010b8)
Allocations: 494670862 (Pool: 493872198; Big: 798664); GC: 235
Segmentation fault (core dumped)

